<?xml version="1.0" encoding="UTF-8"?>
<testng-results ignored="0" total="5" passed="5" failed="0" skipped="0">
  <reporter-output>
  </reporter-output>
  <suite started-at="2023-02-15T23:10:27 IST" name="Default suite" finished-at="2023-02-15T23:11:33 IST" duration-ms="65225">
    <groups>
    </groups>
    <test started-at="2023-02-15T23:10:27 IST" name="Default test" finished-at="2023-02-15T23:11:33 IST" duration-ms="65225">
      <class name="executeClasses.CustomersPageTestClass">
        <test-method is-config="true" signature="beforeMethod()[pri:0, instance:executeClasses.CustomersPageTestClass@145f66e3]" started-at="2023-02-15T23:10:27 IST" name="beforeMethod" finished-at="2023-02-15T23:10:34 IST" duration-ms="6045" status="PASS">
          <reporter-output>
          </reporter-output>
        </test-method> <!-- beforeMethod -->
        <test-method signature="verifyThecustomerPageIsVisibleByClickingOncustomersunderPeopleTab()[pri:1, instance:executeClasses.CustomersPageTestClass@145f66e3]" started-at="2023-02-15T23:10:34 IST" name="verifyThecustomerPageIsVisibleByClickingOncustomersunderPeopleTab" finished-at="2023-02-15T23:10:40 IST" duration-ms="6178" status="PASS">
          <reporter-output>
          </reporter-output>
        </test-method> <!-- verifyThecustomerPageIsVisibleByClickingOncustomersunderPeopleTab -->
        <test-method is-config="true" signature="afterMethod()[pri:0, instance:executeClasses.CustomersPageTestClass@145f66e3]" started-at="2023-02-15T23:10:40 IST" name="afterMethod" finished-at="2023-02-15T23:10:40 IST" duration-ms="271" status="PASS">
          <reporter-output>
          </reporter-output>
        </test-method> <!-- afterMethod -->
        <test-method is-config="true" signature="beforeMethod()[pri:0, instance:executeClasses.CustomersPageTestClass@145f66e3]" started-at="2023-02-15T23:10:40 IST" name="beforeMethod" finished-at="2023-02-15T23:10:44 IST" duration-ms="3944" status="PASS">
          <reporter-output>
          </reporter-output>
        </test-method> <!-- beforeMethod -->
        <test-method signature="verifyTheAddcustomerButtonIsVisibleOrNot()[pri:2, instance:executeClasses.CustomersPageTestClass@145f66e3]" started-at="2023-02-15T23:10:44 IST" name="verifyTheAddcustomerButtonIsVisibleOrNot" finished-at="2023-02-15T23:10:50 IST" duration-ms="5884" status="PASS">
          <reporter-output>
          </reporter-output>
        </test-method> <!-- verifyTheAddcustomerButtonIsVisibleOrNot -->
        <test-method is-config="true" signature="afterMethod()[pri:0, instance:executeClasses.CustomersPageTestClass@145f66e3]" started-at="2023-02-15T23:10:50 IST" name="afterMethod" finished-at="2023-02-15T23:10:50 IST" duration-ms="257" status="PASS">
          <reporter-output>
          </reporter-output>
        </test-method> <!-- afterMethod -->
        <test-method is-config="true" signature="beforeMethod()[pri:0, instance:executeClasses.CustomersPageTestClass@145f66e3]" started-at="2023-02-15T23:10:50 IST" name="beforeMethod" finished-at="2023-02-15T23:10:54 IST" duration-ms="3655" status="PASS">
          <reporter-output>
          </reporter-output>
        </test-method> <!-- beforeMethod -->
        <test-method signature="veriytoAddaNewcustomer()[pri:3, instance:executeClasses.CustomersPageTestClass@145f66e3]" started-at="2023-02-15T23:10:54 IST" name="veriytoAddaNewcustomer" finished-at="2023-02-15T23:11:02 IST" duration-ms="8367" status="PASS">
          <reporter-output>
          </reporter-output>
        </test-method> <!-- veriytoAddaNewcustomer -->
        <test-method is-config="true" signature="afterMethod()[pri:0, instance:executeClasses.CustomersPageTestClass@145f66e3]" started-at="2023-02-15T23:11:02 IST" name="afterMethod" finished-at="2023-02-15T23:11:02 IST" duration-ms="168" status="PASS">
          <reporter-output>
          </reporter-output>
        </test-method> <!-- afterMethod -->
        <test-method is-config="true" signature="beforeMethod()[pri:0, instance:executeClasses.CustomersPageTestClass@145f66e3]" started-at="2023-02-15T23:11:02 IST" name="beforeMethod" finished-at="2023-02-15T23:11:06 IST" duration-ms="4141" status="PASS">
          <reporter-output>
          </reporter-output>
        </test-method> <!-- beforeMethod -->
        <test-method signature="verifytoSearchACustomerByUsingName()[pri:4, instance:executeClasses.CustomersPageTestClass@145f66e3]" started-at="2023-02-15T23:11:06 IST" name="verifytoSearchACustomerByUsingName" finished-at="2023-02-15T23:11:17 IST" duration-ms="10498" status="PASS">
          <reporter-output>
          </reporter-output>
        </test-method> <!-- verifytoSearchACustomerByUsingName -->
        <test-method is-config="true" signature="afterMethod()[pri:0, instance:executeClasses.CustomersPageTestClass@145f66e3]" started-at="2023-02-15T23:11:17 IST" name="afterMethod" finished-at="2023-02-15T23:11:17 IST" duration-ms="200" status="PASS">
          <reporter-output>
          </reporter-output>
        </test-method> <!-- afterMethod -->
        <test-method is-config="true" signature="beforeMethod()[pri:0, instance:executeClasses.CustomersPageTestClass@145f66e3]" started-at="2023-02-15T23:11:17 IST" name="beforeMethod" finished-at="2023-02-15T23:11:22 IST" duration-ms="4460" status="PASS">
          <reporter-output>
          </reporter-output>
        </test-method> <!-- beforeMethod -->
        <test-method signature="verifytoSearchACustomerByUsingMobileNumber()[pri:5, instance:executeClasses.CustomersPageTestClass@145f66e3]" started-at="2023-02-15T23:11:22 IST" name="verifytoSearchACustomerByUsingMobileNumber" finished-at="2023-02-15T23:11:32 IST" duration-ms="10884" status="PASS">
          <reporter-output>
          </reporter-output>
        </test-method> <!-- verifytoSearchACustomerByUsingMobileNumber -->
        <test-method is-config="true" signature="afterMethod()[pri:0, instance:executeClasses.CustomersPageTestClass@145f66e3]" started-at="2023-02-15T23:11:32 IST" name="afterMethod" finished-at="2023-02-15T23:11:33 IST" duration-ms="207" status="PASS">
          <reporter-output>
          </reporter-output>
        </test-method> <!-- afterMethod -->
      </class> <!-- executeClasses.CustomersPageTestClass -->
    </test> <!-- Default test -->
  </suite> <!-- Default suite -->
</testng-results>
