<?xml version="1.0" encoding="UTF-8"?>
<!-- Generated by org.testng.reporters.JUnitXMLReporter -->
<testsuite ignored="0" hostname="Thiruvonam" failures="0" tests="5" name="Default test" time="65.225" errors="0" timestamp="2023-02-15T23:11:33 IST">
  <testcase classname="executeClasses.CustomersPageTestClass" name="verifyThecustomerPageIsVisibleByClickingOncustomersunderPeopleTab" time="6.178"/>
  <testcase classname="executeClasses.CustomersPageTestClass" name="verifyTheAddcustomerButtonIsVisibleOrNot" time="5.884"/>
  <testcase classname="executeClasses.CustomersPageTestClass" name="veriytoAddaNewcustomer" time="8.367"/>
  <testcase classname="executeClasses.CustomersPageTestClass" name="verifytoSearchACustomerByUsingName" time="10.498"/>
  <testcase classname="executeClasses.CustomersPageTestClass" name="verifytoSearchACustomerByUsingMobileNumber" time="10.884"/>
</testsuite> <!-- Default test -->
